 INFO  -  Data collection Config: 
 INFO  -                          data num in one epoch:1000
 INFO  -                          epoch:5
 INFO  -                          val ratio:0.01
 INFO  -                          train path:D:\cv_item\self_driving\E2E_CNN\dataset\train
 INFO  -                          val path:D:\cv_item\self_driving\E2E_CNN\dataset\val
 INFO  -  ------------------- Collection Start ---------------
 INFO  -  ------------------- Collection Start ---------------
 INFO  -   --- 1 epoch collection start
 INFO  -   --- 1 epoch collection over, totally collect 1000 data
 INFO  -   --- 2 epoch collection start
 INFO  -   --- 2 epoch collection over, totally collect 1000 data
 INFO  -   --- 3 epoch collection start
 INFO  -   --- 3 epoch collection over, totally collect 1000 data
 INFO  -   --- 4 epoch collection start
 INFO  -   --- 4 epoch collection over, totally collect 1000 data
 INFO  -   --- 5 epoch collection start
 INFO  -   --- 5 epoch collection over, totally collect 1000 data
 INFO  -  ------------------- Collection over ---------------
 INFO  -  Dump data info to D:\cv_item\self_driving\E2E_CNN\dataset\train\data_info.json
 INFO  -  This collection totally collect 5000 data
 INFO  -  --- Data split over ---
 INFO  -   Train data: 5000
 INFO  -   Val data: 50
 INFO  -   --------- Data collect and split successfully ---------
